{"C:\\Users\\Nraug Lao\\Desktop\\CardGame\\CardGame\\deck.js":{"path":"C:\\Users\\Nraug Lao\\Desktop\\CardGame\\CardGame\\deck.js","s":{"1":1,"2":8,"3":8,"4":8,"5":8,"6":8,"7":32,"8":416,"9":416,"10":8,"11":8,"12":4,"13":4,"14":20,"15":20,"16":20,"17":20,"18":20,"19":4,"20":6,"21":1,"22":5,"23":1,"24":4,"25":4,"26":4,"27":12,"28":4,"29":20,"30":20,"31":20,"32":4,"33":4,"34":1,"35":416,"36":416,"37":1,"38":12,"39":12,"40":12,"41":20,"42":20},"b":{"1":[1,5],"2":[1,4],"3":[5,4],"4":[4,16]},"f":{"1":8,"2":4,"3":6,"4":416,"5":12,"6":20},"fnMap":{"1":{"name":"(anonymous_1)","line":2,"loc":{"start":{"line":2,"column":16},"end":{"line":2,"column":28}}},"2":{"name":"(anonymous_2)","line":22,"loc":{"start":{"line":22,"column":17},"end":{"line":22,"column":33}}},"3":{"name":"(anonymous_3)","line":39,"loc":{"start":{"line":39,"column":15},"end":{"line":39,"column":48}}},"4":{"name":"card","line":70,"loc":{"start":{"line":70,"column":0},"end":{"line":70,"column":26}}},"5":{"name":"player","line":75,"loc":{"start":{"line":75,"column":0},"end":{"line":75,"column":22}}},"6":{"name":"(anonymous_6)","line":79,"loc":{"start":{"line":79,"column":20},"end":{"line":79,"column":36}}}},"statementMap":{"1":{"start":{"line":1,"column":1},"end":{"line":66,"column":1}},"2":{"start":{"line":3,"column":8},"end":{"line":3,"column":99}},"3":{"start":{"line":4,"column":8},"end":{"line":4,"column":62}},"4":{"start":{"line":5,"column":8},"end":{"line":5,"column":29}},"5":{"start":{"line":6,"column":8},"end":{"line":6,"column":29}},"6":{"start":{"line":8,"column":8},"end":{"line":13,"column":9}},"7":{"start":{"line":9,"column":12},"end":{"line":12,"column":13}},"8":{"start":{"line":10,"column":16},"end":{"line":10,"column":63}},"9":{"start":{"line":11,"column":16},"end":{"line":11,"column":31}},"10":{"start":{"line":15,"column":8},"end":{"line":18,"column":9}},"11":{"start":{"line":20,"column":8},"end":{"line":20,"column":21}},"12":{"start":{"line":23,"column":8},"end":{"line":23,"column":68}},"13":{"start":{"line":25,"column":8},"end":{"line":35,"column":9}},"14":{"start":{"line":28,"column":12},"end":{"line":28,"column":67}},"15":{"start":{"line":29,"column":12},"end":{"line":29,"column":30}},"16":{"start":{"line":32,"column":12},"end":{"line":32,"column":48}},"17":{"start":{"line":33,"column":12},"end":{"line":33,"column":51}},"18":{"start":{"line":34,"column":12},"end":{"line":34,"column":47}},"19":{"start":{"line":37,"column":8},"end":{"line":37,"column":20}},"20":{"start":{"line":40,"column":8},"end":{"line":62,"column":9}},"21":{"start":{"line":41,"column":12},"end":{"line":41,"column":58}},"22":{"start":{"line":43,"column":13},"end":{"line":62,"column":9}},"23":{"start":{"line":44,"column":12},"end":{"line":44,"column":44}},"24":{"start":{"line":47,"column":12},"end":{"line":47,"column":29}},"25":{"start":{"line":48,"column":12},"end":{"line":48,"column":26}},"26":{"start":{"line":50,"column":12},"end":{"line":52,"column":13}},"27":{"start":{"line":51,"column":16},"end":{"line":51,"column":48}},"28":{"start":{"line":54,"column":12},"end":{"line":60,"column":13}},"29":{"start":{"line":55,"column":16},"end":{"line":55,"column":49}},"30":{"start":{"line":56,"column":16},"end":{"line":56,"column":24}},"31":{"start":{"line":57,"column":16},"end":{"line":59,"column":17}},"32":{"start":{"line":58,"column":20},"end":{"line":58,"column":30}},"33":{"start":{"line":61,"column":12},"end":{"line":61,"column":27}},"34":{"start":{"line":70,"column":0},"end":{"line":73,"column":1}},"35":{"start":{"line":71,"column":4},"end":{"line":71,"column":21}},"36":{"start":{"line":72,"column":4},"end":{"line":72,"column":21}},"37":{"start":{"line":75,"column":0},"end":{"line":83,"column":1}},"38":{"start":{"line":76,"column":4},"end":{"line":76,"column":33}},"39":{"start":{"line":77,"column":4},"end":{"line":77,"column":19}},"40":{"start":{"line":79,"column":4},"end":{"line":82,"column":5}},"41":{"start":{"line":80,"column":8},"end":{"line":80,"column":29}},"42":{"start":{"line":81,"column":8},"end":{"line":81,"column":15}}},"branchMap":{"1":{"line":40,"type":"if","locations":[{"start":{"line":40,"column":8},"end":{"line":40,"column":8}},{"start":{"line":40,"column":8},"end":{"line":40,"column":8}}]},"2":{"line":43,"type":"if","locations":[{"start":{"line":43,"column":13},"end":{"line":43,"column":13}},{"start":{"line":43,"column":13},"end":{"line":43,"column":13}}]},"3":{"line":43,"type":"binary-expr","locations":[{"start":{"line":43,"column":17},"end":{"line":43,"column":39}},{"start":{"line":43,"column":43},"end":{"line":43,"column":65}}]},"4":{"line":57,"type":"if","locations":[{"start":{"line":57,"column":16},"end":{"line":57,"column":16}},{"start":{"line":57,"column":16},"end":{"line":57,"column":16}}]}}}}