TN:
SF:C:\Users\Nraug Lao\Desktop\CardGame\CardGame\deck.js
FN:2,(anonymous_1)
FN:22,(anonymous_2)
FN:39,(anonymous_3)
FN:70,card
FN:75,player
FN:79,(anonymous_6)
FNF:6
FNH:6
FNDA:8,(anonymous_1)
FNDA:4,(anonymous_2)
FNDA:6,(anonymous_3)
FNDA:416,card
FNDA:12,player
FNDA:20,(anonymous_6)
DA:1,1
DA:3,8
DA:4,8
DA:5,8
DA:6,8
DA:8,8
DA:9,32
DA:10,416
DA:11,416
DA:15,8
DA:20,8
DA:23,4
DA:25,4
DA:28,20
DA:29,20
DA:32,20
DA:33,20
DA:34,20
DA:37,4
DA:40,6
DA:41,1
DA:43,5
DA:44,1
DA:47,4
DA:48,4
DA:50,4
DA:51,12
DA:54,4
DA:55,20
DA:56,20
DA:57,20
DA:58,4
DA:61,4
DA:70,1
DA:71,416
DA:72,416
DA:75,1
DA:76,12
DA:77,12
DA:79,12
DA:80,20
DA:81,20
LF:42
LH:42
BRDA:40,1,0,1
BRDA:40,1,1,5
BRDA:43,2,0,1
BRDA:43,2,1,4
BRDA:43,3,0,5
BRDA:43,3,1,4
BRDA:57,4,0,4
BRDA:57,4,1,16
BRF:8
BRH:8
end_of_record
